c:\users\admin\source\repos\nhóm máu ooo\nhóm máu ooo\debug\vc141.pdb
c:\users\admin\source\repos\nhóm máu ooo\nhóm máu ooo\debug\vc141.idb
c:\users\admin\source\repos\nhóm máu ooo\nhóm máu ooo\debug\b.obj
c:\users\admin\source\repos\nhóm máu ooo\nhóm máu ooo\debug\source.obj
c:\users\admin\source\repos\nhóm máu ooo\nhóm máu ooo\debug\o.obj
c:\users\admin\source\repos\nhóm máu ooo\nhóm máu ooo\debug\ab.obj
c:\users\admin\source\repos\nhóm máu ooo\nhóm máu ooo\debug\a.obj
c:\users\admin\source\repos\nhóm máu ooo\nhóm máu ooo\debug\loai.obj
c:\users\admin\source\repos\nhóm máu ooo\debug\nhóm máu ooo.exe
c:\users\admin\source\repos\nhóm máu ooo\debug\nhóm máu ooo.ilk
c:\users\admin\source\repos\nhóm máu ooo\debug\nhóm máu ooo.pdb
c:\users\admin\source\repos\nhóm máu ooo\nhóm máu ooo\debug\nhóm máu ooo.tlog\cl.command.1.tlog
c:\users\admin\source\repos\nhóm máu ooo\nhóm máu ooo\debug\nhóm máu ooo.tlog\cl.read.1.tlog
c:\users\admin\source\repos\nhóm máu ooo\nhóm máu ooo\debug\nhóm máu ooo.tlog\cl.write.1.tlog
c:\users\admin\source\repos\nhóm máu ooo\nhóm máu ooo\debug\nhóm máu ooo.tlog\link.command.1.tlog
c:\users\admin\source\repos\nhóm máu ooo\nhóm máu ooo\debug\nhóm máu ooo.tlog\link.read.1.tlog
c:\users\admin\source\repos\nhóm máu ooo\nhóm máu ooo\debug\nhóm máu ooo.tlog\link.write.1.tlog
c:\users\admin\source\repos\nhóm máu ooo\nhóm máu ooo\debug\nhóm máu ooo.tlog\rc.command.1.tlog
c:\users\admin\source\repos\nhóm máu ooo\nhóm máu ooo\debug\nhóm máu ooo.tlog\rc.read.1.tlog
c:\users\admin\source\repos\nhóm máu ooo\nhóm máu ooo\debug\nhóm máu ooo.tlog\rc.write.1.tlog
